<?xml version="1.0" encoding="UTF-8"?>
<!-- Generated by org.testng.reporters.JUnitReportReporter -->
<testsuite hostname="LAPTOP-4H1S41IQ" failures="0" tests="1" name="automationtest.test" time="2.932" errors="0" timestamp="2023-08-23T17:20:45 IST" skipped="0">
  <testcase classname="automationtest.test" name="getResponseBody" time="2.932"/>
</testsuite> <!-- automationtest.test -->
